<?xml version="1.0" encoding="UTF-8"?>
<!-- Generated by org.testng.reporters.JUnitReportReporter -->
<testsuite skipped="0" hostname="HP-Pavilion" name="com.pack.testrunner.TestRunner" tests="1" failures="0" timestamp="05 Jul 2017 06:22:42 GMT" time="0.013" errors="0">
  <testcase name="fetchTestStartEndIndex" time="0.013" classname="com.pack.testrunner.TestRunner"/>
</testsuite> <!-- com.pack.testrunner.TestRunner -->
