<?xml version="1.0" encoding="UTF-8"?>
<!-- Generated by org.testng.reporters.JUnitReportReporter -->
<testsuite skipped="0" hostname="HP-Pavilion" name="com.pack.tests.TestThree" tests="4" failures="0" timestamp="06 Jul 2017 10:32:16 GMT" time="0.011" errors="0">
  <testcase name="seventhTest" time="0.002" classname="com.pack.tests.TestThree"/>
  <testcase name="eightTest" time="0.002" classname="com.pack.tests.TestThree"/>
  <testcase name="ninethTest" time="0.004" classname="com.pack.tests.TestThree"/>
  <testcase name="tenthTest" time="0.003" classname="com.pack.tests.TestThree"/>
</testsuite> <!-- com.pack.tests.TestThree -->
