<?xml version="1.0" encoding="UTF-8"?>
<!-- Generated by org.testng.reporters.JUnitReportReporter -->
<testsuite skipped="0" hostname="HP-Pavilion" name="com.pack.select.TestTwo" tests="3" failures="0" timestamp="04 Jul 2017 18:31:19 GMT" time="0.005" errors="0">
  <testcase name="fourthTest" time="0.002" classname="com.pack.select.TestTwo"/>
  <testcase name="fifthTest" time="0.002" classname="com.pack.select.TestTwo"/>
  <testcase name="sixthTest" time="0.001" classname="com.pack.select.TestTwo"/>
</testsuite> <!-- com.pack.select.TestTwo -->
