<?xml version="1.0" encoding="UTF-8"?>
<!-- Generated by org.testng.reporters.JUnitReportReporter -->
<testsuite skipped="0" hostname="HP-Pavilion" name="com.pack.tests.TestTwo" tests="3" failures="0" timestamp="06 Jul 2017 10:32:16 GMT" time="0.006" errors="0">
  <testcase name="fourthTest" time="0.002" classname="com.pack.tests.TestTwo"/>
  <testcase name="fifthTest" time="0.002" classname="com.pack.tests.TestTwo"/>
  <testcase name="sixthTest" time="0.002" classname="com.pack.tests.TestTwo"/>
</testsuite> <!-- com.pack.tests.TestTwo -->
