<?xml version="1.0" encoding="UTF-8"?>
<!-- Generated by org.testng.reporters.JUnitReportReporter -->
<testsuite skipped="0" hostname="HP-Pavilion" name="com.pack.tests.TestOne" tests="3" failures="0" timestamp="06 Jul 2017 10:32:16 GMT" time="0.022" errors="0">
  <testcase name="firstTest" time="0.017" classname="com.pack.tests.TestOne"/>
  <testcase name="secondTest" time="0.003" classname="com.pack.tests.TestOne"/>
  <testcase name="thirdTest" time="0.002" classname="com.pack.tests.TestOne"/>
</testsuite> <!-- com.pack.tests.TestOne -->
