<?xml version="1.0" encoding="UTF-8"?>
<!-- Generated by org.testng.reporters.JUnitReportReporter -->
<testsuite skipped="0" hostname="HP-Pavilion" name="com.pack.select.TestOne" tests="3" failures="0" timestamp="04 Jul 2017 18:31:19 GMT" time="0.022" errors="0">
  <testcase name="firstTest" time="0.018" classname="com.pack.select.TestOne"/>
  <testcase name="secondTest" time="0.002" classname="com.pack.select.TestOne"/>
  <testcase name="thirdTest" time="0.002" classname="com.pack.select.TestOne"/>
</testsuite> <!-- com.pack.select.TestOne -->
