<?xml version="1.0" encoding="UTF-8"?>
<!-- Generated by org.testng.reporters.JUnitReportReporter -->
<testsuite skipped="0" hostname="HP-Pavilion" name="com.pack.tests.TestOne" tests="3" failures="0" timestamp="05 Jul 2017 10:54:46 GMT" time="0.016" errors="0">
  <testcase name="firstTest" time="0.013" classname="com.pack.tests.TestOne"/>
  <testcase name="secondTest" time="0.002" classname="com.pack.tests.TestOne"/>
  <testcase name="thirdTest" time="0.001" classname="com.pack.tests.TestOne"/>
</testsuite> <!-- com.pack.tests.TestOne -->
