<?xml version="1.0" encoding="UTF-8"?>
<!-- Generated by org.testng.reporters.JUnitReportReporter -->
<testsuite skipped="0" hostname="HP-Pavilion" name="com.pack.testselector.TestRunner" tests="1" failures="0" timestamp="04 Jul 2017 19:29:23 GMT" time="0.015" errors="0">
  <testcase name="fetchTestStartEndIndex" time="0.015" classname="com.pack.testselector.TestRunner"/>
</testsuite> <!-- com.pack.testselector.TestRunner -->
