<?xml version="1.0" encoding="UTF-8"?>
<!-- Generated by org.testng.reporters.JUnitReportReporter -->
<testsuite skipped="0" hostname="HP-Pavilion" name="com.pack.testselector.TestSelector" tests="1" failures="0" timestamp="04 Jul 2017 19:23:54 GMT" time="0.014" errors="0">
  <testcase name="fetchTestStartEndIndex" time="0.014" classname="com.pack.testselector.TestSelector"/>
</testsuite> <!-- com.pack.testselector.TestSelector -->
