<?xml version="1.0" encoding="UTF-8"?>
<!-- Generated by org.testng.reporters.JUnitReportReporter -->
<testsuite skipped="0" hostname="HP-Pavilion" name="com.pack.select.TestThree" tests="4" failures="0" timestamp="04 Jul 2017 18:31:19 GMT" time="0.007" errors="0">
  <testcase name="seventhTest" time="0.002" classname="com.pack.select.TestThree"/>
  <testcase name="eightTest" time="0.002" classname="com.pack.select.TestThree"/>
  <testcase name="ninethTest" time="0.002" classname="com.pack.select.TestThree"/>
  <testcase name="tenthTest" time="0.001" classname="com.pack.select.TestThree"/>
</testsuite> <!-- com.pack.select.TestThree -->
